# JRE version: Java(TM) SE Runtime Environment (8.0_101-b13) (build 1.8.0_101-b13)
# Java VM: Java HotSpot(TM) 64-Bit Server VM (25.101-b13 mixed mode windows-amd64 compressed oops)
Heap:
 PSYoungGen      total 541696K, used 497256K [0x00000000d6980000, 0x00000000ff800000, 0x0000000100000000)
  eden space 417280K, 97% used [0x00000000d6980000,0x00000000ef70e868,0x00000000f0100000)
  from space 124416K, 72% used [0x00000000f7e80000,0x00000000fd68b888,0x00000000ff800000)
  to   space 126464K, 0% used [0x00000000f0100000,0x00000000f0100000,0x00000000f7c80000)
 ParOldGen       total 209408K, used 97793K [0x0000000083c00000, 0x0000000090880000, 0x00000000d6980000)
  object space 209408K, 46% used [0x0000000083c00000,0x0000000089b80578,0x0000000090880000)
 Metaspace       used 10822K, capacity 11008K, committed 11264K, reserved 1058816K
  class space    used 1186K, capacity 1259K, committed 1280K, reserved 1048576K
GC Heap History (10 events):
Event: 340.820 GC heap before
{Heap before GC invocations=42 (full 2):
 PSYoungGen      total 538112K, used 503016K [0x00000000d6980000, 0x00000000ffe00000, 0x0000000100000000)
  eden space 401408K, 100% used [0x00000000d6980000,0x00000000ef180000,0x00000000ef180000)
  from space 136704K, 74% used [0x00000000ef180000,0x00000000f54ba020,0x00000000f7700000)
  to   space 135680K, 0% used [0x00000000f7980000,0x00000000f7980000,0x00000000ffe00000)
 ParOldGen       total 209408K, used 97737K [0x0000000083c00000, 0x0000000090880000, 0x00000000d6980000)
  object space 209408K, 46% used [0x0000000083c00000,0x0000000089b72578,0x0000000090880000)
 Metaspace       used 10796K, capacity 11008K, committed 11264K, reserved 1058816K
  class space    used 1181K, capacity 1259K, committed 1280K, reserved 1048576K
Event: 341.410 GC heap after
Heap after GC invocations=42 (full 2):
 PSYoungGen      total 538624K, used 99812K [0x00000000d6980000, 0x00000000ffb00000, 0x0000000100000000)
  eden space 406016K, 0% used [0x00000000d6980000,0x00000000d6980000,0x00000000ef600000)
  from space 132608K, 75% used [0x00000000f7980000,0x00000000fdaf9010,0x00000000ffb00000)
  to   space 133632K, 0% used [0x00000000ef600000,0x00000000ef600000,0x00000000f7880000)
 ParOldGen       total 209408K, used 97753K [0x0000000083c00000, 0x0000000090880000, 0x00000000d6980000)
  object space 209408K, 46% used [0x0000000083c00000,0x0000000089b76578,0x0000000090880000)
 Metaspace       used 10796K, capacity 11008K, committed 11264K, reserved 1058816K
  class space    used 1181K, capacity 1259K, committed 1280K, reserved 1048576K
}
Event: 353.363 GC heap before
{Heap before GC invocations=43 (full 2):
 PSYoungGen      total 538624K, used 505828K [0x00000000d6980000, 0x00000000ffb00000, 0x0000000100000000)
  eden space 406016K, 100% used [0x00000000d6980000,0x00000000ef600000,0x00000000ef600000)
  from space 132608K, 75% used [0x00000000f7980000,0x00000000fdaf9010,0x00000000ffb00000)
  to   space 133632K, 0% used [0x00000000ef600000,0x00000000ef600000,0x00000000f7880000)
 ParOldGen       total 209408K, used 97753K [0x0000000083c00000, 0x0000000090880000, 0x00000000d6980000)
  object space 209408K, 46% used [0x0000000083c00000,0x0000000089b76578,0x0000000090880000)
 Metaspace       used 10796K, capacity 11008K, committed 11264K, reserved 1058816K
  class space    used 1181K, capacity 1259K, committed 1280K, reserved 1048576K
Event: 353.728 GC heap after
Heap after GC invocations=43 (full 2):
 PSYoungGen      total 539648K, used 84038K [0x00000000d6980000, 0x00000000ffd00000, 0x0000000100000000)
  eden space 406016K, 0% used [0x00000000d6980000,0x00000000d6980000,0x00000000ef600000)
  from space 133632K, 62% used [0x00000000ef600000,0x00000000f4811bc0,0x00000000f7880000)
  to   space 131584K, 0% used [0x00000000f7c80000,0x00000000f7c80000,0x00000000ffd00000)
 ParOldGen       total 209408K, used 97777K [0x0000000083c00000, 0x0000000090880000, 0x00000000d6980000)
  object space 209408K, 46% used [0x0000000083c00000,0x0000000089b7c578,0x0000000090880000)
 Metaspace       used 10796K, capacity 11008K, committed 11264K, reserved 1058816K
  class space    used 1181K, capacity 1259K, committed 1280K, reserved 1048576K
}
Event: 364.599 GC heap before
{Heap before GC invocations=44 (full 2):
 PSYoungGen      total 539648K, used 490054K [0x00000000d6980000, 0x00000000ffd00000, 0x0000000100000000)
  eden space 406016K, 100% used [0x00000000d6980000,0x00000000ef600000,0x00000000ef600000)
  from space 133632K, 62% used [0x00000000ef600000,0x00000000f4811bc0,0x00000000f7880000)
  to   space 131584K, 0% used [0x00000000f7c80000,0x00000000f7c80000,0x00000000ffd00000)
 ParOldGen       total 209408K, used 97777K [0x0000000083c00000, 0x0000000090880000, 0x00000000d6980000)
  object space 209408K, 46% used [0x0000000083c00000,0x0000000089b7c578,0x0000000090880000)
 Metaspace       used 10796K, capacity 11008K, committed 11264K, reserved 1058816K
  class space    used 1181K, capacity 1259K, committed 1280K, reserved 1048576K
Event: 364.976 GC heap after
Heap after GC invocations=44 (full 2):
 PSYoungGen      total 544256K, used 73736K [0x00000000d6980000, 0x00000000ffd00000, 0x0000000100000000)
  eden space 412672K, 0% used [0x00000000d6980000,0x00000000d6980000,0x00000000efc80000)
  from space 131584K, 56% used [0x00000000f7c80000,0x00000000fc482020,0x00000000ffd00000)
  to   space 131072K, 0% used [0x00000000efc80000,0x00000000efc80000,0x00000000f7c80000)
 ParOldGen       total 209408K, used 97777K [0x0000000083c00000, 0x0000000090880000, 0x00000000d6980000)
  object space 209408K, 46% used [0x0000000083c00000,0x0000000089b7c578,0x0000000090880000)
 Metaspace       used 10796K, capacity 11008K, committed 11264K, reserved 1058816K
  class space    used 1181K, capacity 1259K, committed 1280K, reserved 1048576K
}
Event: 376.291 GC heap before
{Heap before GC invocations=45 (full 2):
 PSYoungGen      total 544256K, used 486408K [0x00000000d6980000, 0x00000000ffd00000, 0x0000000100000000)
  eden space 412672K, 100% used [0x00000000d6980000,0x00000000efc80000,0x00000000efc80000)
  from space 131584K, 56% used [0x00000000f7c80000,0x00000000fc482020,0x00000000ffd00000)
  to   space 131072K, 0% used [0x00000000efc80000,0x00000000efc80000,0x00000000f7c80000)
 ParOldGen       total 209408K, used 97777K [0x0000000083c00000, 0x0000000090880000, 0x00000000d6980000)
  object space 209408K, 46% used [0x0000000083c00000,0x0000000089b7c578,0x0000000090880000)
 Metaspace       used 10796K, capacity 11008K, committed 11264K, reserved 1058816K
  class space    used 1181K, capacity 1259K, committed 1280K, reserved 1048576K
Event: 376.618 GC heap after
Heap after GC invocations=45 (full 2):
 PSYoungGen      total 543744K, used 74600K [0x00000000d6980000, 0x00000000ffd80000, 0x0000000100000000)
  eden space 412672K, 0% used [0x00000000d6980000,0x00000000d6980000,0x00000000efc80000)
  from space 131072K, 56% used [0x00000000efc80000,0x00000000f455a020,0x00000000f7c80000)
  to   space 130048K, 0% used [0x00000000f7e80000,0x00000000f7e80000,0x00000000ffd80000)
 ParOldGen       total 209408K, used 97777K [0x0000000083c00000, 0x0000000090880000, 0x00000000d6980000)
  object space 209408K, 46% used [0x0000000083c00000,0x0000000089b7c578,0x0000000090880000)
 Metaspace       used 10796K, capacity 11008K, committed 11264K, reserved 1058816K
  class space    used 1181K, capacity 1259K, committed 1280K, reserved 1048576K
}
Event: 387.824 GC heap before
{Heap before GC invocations=46 (full 2):
 PSYoungGen      total 543744K, used 487272K [0x00000000d6980000, 0x00000000ffd80000, 0x0000000100000000)
  eden space 412672K, 100% used [0x00000000d6980000,0x00000000efc80000,0x00000000efc80000)
  from space 131072K, 56% used [0x00000000efc80000,0x00000000f455a020,0x00000000f7c80000)
  to   space 130048K, 0% used [0x00000000f7e80000,0x00000000f7e80000,0x00000000ffd80000)
 ParOldGen       total 209408K, used 97777K [0x0000000083c00000, 0x0000000090880000, 0x00000000d6980000)
  object space 209408K, 46% used [0x0000000083c00000,0x0000000089b7c578,0x0000000090880000)
 Metaspace       used 10796K, capacity 11008K, committed 11264K, reserved 1058816K
  class space    used 1181K, capacity 1259K, committed 1280K, reserved 1048576K
Event: 388.206 GC heap after
Heap after GC invocations=46 (full 2):
 PSYoungGen      total 541696K, used 90158K [0x00000000d6980000, 0x00000000ff800000, 0x0000000100000000)
  eden space 417280K, 0% used [0x00000000d6980000,0x00000000d6980000,0x00000000f0100000)
  from space 124416K, 72% used [0x00000000f7e80000,0x00000000fd68b888,0x00000000ff800000)
  to   space 126464K, 0% used [0x00000000f0100000,0x00000000f0100000,0x00000000f7c80000)
 ParOldGen       total 209408K, used 97793K [0x0000000083c00000, 0x0000000090880000, 0x00000000d6980000)
  object space 209408K, 46% used [0x0000000083c00000,0x0000000089b80578,0x0000000090880000)
 Metaspace       used 10796K, capacity 11008K, committed 11264K, reserved 1058816K
  class space    used 1181K, capacity 1259K, committed 1280K, reserved 1048576K
}

