# JRE version: Java(TM) SE Runtime Environment (8.0_101-b13) (build 1.8.0_101-b13)
# Java VM: Java HotSpot(TM) 64-Bit Server VM (25.101-b13 mixed mode windows-amd64 compressed oops)
Heap:
 PSYoungGen      total 544768K, used 311186K [0x00000000d6980000, 0x0000000100000000, 0x0000000100000000)
  eden space 417792K, 55% used [0x00000000d6980000,0x00000000e4a8a7d0,0x00000000f0180000)
  from space 126976K, 63% used [0x00000000f0180000,0x00000000f505a138,0x00000000f7d80000)
  to   space 125952K, 0% used [0x00000000f8500000,0x00000000f8500000,0x0000000100000000)
 ParOldGen       total 153600K, used 124627K [0x0000000083c00000, 0x000000008d200000, 0x00000000d6980000)
  object space 153600K, 81% used [0x0000000083c00000,0x000000008b5b4fa8,0x000000008d200000)
 Metaspace       used 10853K, capacity 11056K, committed 11264K, reserved 1058816K
  class space    used 1184K, capacity 1259K, committed 1280K, reserved 1048576K
GC Heap History (10 events):
Event: 162.711 GC heap before
{Heap before GC invocations=22 (full 1):
 PSYoungGen      total 540672K, used 485924K [0x00000000d6980000, 0x00000000ffd80000, 0x0000000100000000)
  eden space 408576K, 100% used [0x00000000d6980000,0x00000000ef880000,0x00000000ef880000)
  from space 132096K, 58% used [0x00000000f7c80000,0x00000000fc809010,0x00000000ffd80000)
  to   space 133632K, 0% used [0x00000000ef880000,0x00000000ef880000,0x00000000f7b00000)
 ParOldGen       total 153600K, used 124531K [0x0000000083c00000, 0x000000008d200000, 0x00000000d6980000)
  object space 153600K, 81% used [0x0000000083c00000,0x000000008b59cfa8,0x000000008d200000)
 Metaspace       used 10842K, capacity 11056K, committed 11264K, reserved 1058816K
  class space    used 1182K, capacity 1259K, committed 1280K, reserved 1048576K
Event: 162.897 GC heap after
Heap after GC invocations=22 (full 1):
 PSYoungGen      total 542208K, used 77320K [0x00000000d6980000, 0x00000000ffe80000, 0x0000000100000000)
  eden space 408576K, 0% used [0x00000000d6980000,0x00000000d6980000,0x00000000ef880000)
  from space 133632K, 57% used [0x00000000ef880000,0x00000000f4402020,0x00000000f7b00000)
  to   space 132096K, 0% used [0x00000000f7d80000,0x00000000f7d80000,0x00000000ffe80000)
 ParOldGen       total 153600K, used 124555K [0x0000000083c00000, 0x000000008d200000, 0x00000000d6980000)
  object space 153600K, 81% used [0x0000000083c00000,0x000000008b5a2fa8,0x000000008d200000)
 Metaspace       used 10842K, capacity 11056K, committed 11264K, reserved 1058816K
  class space    used 1182K, capacity 1259K, committed 1280K, reserved 1048576K
}
Event: 174.357 GC heap before
{Heap before GC invocations=23 (full 1):
 PSYoungGen      total 542208K, used 485896K [0x00000000d6980000, 0x00000000ffe80000, 0x0000000100000000)
  eden space 408576K, 100% used [0x00000000d6980000,0x00000000ef880000,0x00000000ef880000)
  from space 133632K, 57% used [0x00000000ef880000,0x00000000f4402020,0x00000000f7b00000)
  to   space 132096K, 0% used [0x00000000f7d80000,0x00000000f7d80000,0x00000000ffe80000)
 ParOldGen       total 153600K, used 124555K [0x0000000083c00000, 0x000000008d200000, 0x00000000d6980000)
  object space 153600K, 81% used [0x0000000083c00000,0x000000008b5a2fa8,0x000000008d200000)
 Metaspace       used 10843K, capacity 11056K, committed 11264K, reserved 1058816K
  class space    used 1182K, capacity 1259K, committed 1280K, reserved 1048576K
Event: 174.552 GC heap after
Heap after GC invocations=23 (full 1):
 PSYoungGen      total 542720K, used 78463K [0x00000000d6980000, 0x00000000ffc80000, 0x0000000100000000)
  eden space 412672K, 0% used [0x00000000d6980000,0x00000000d6980000,0x00000000efc80000)
  from space 130048K, 60% used [0x00000000f7d80000,0x00000000fca1fe30,0x00000000ffc80000)
  to   space 131072K, 0% used [0x00000000efc80000,0x00000000efc80000,0x00000000f7c80000)
 ParOldGen       total 153600K, used 124579K [0x0000000083c00000, 0x000000008d200000, 0x00000000d6980000)
  object space 153600K, 81% used [0x0000000083c00000,0x000000008b5a8fa8,0x000000008d200000)
 Metaspace       used 10843K, capacity 11056K, committed 11264K, reserved 1058816K
  class space    used 1182K, capacity 1259K, committed 1280K, reserved 1048576K
}
Event: 185.823 GC heap before
{Heap before GC invocations=24 (full 1):
 PSYoungGen      total 542720K, used 491135K [0x00000000d6980000, 0x00000000ffc80000, 0x0000000100000000)
  eden space 412672K, 100% used [0x00000000d6980000,0x00000000efc80000,0x00000000efc80000)
  from space 130048K, 60% used [0x00000000f7d80000,0x00000000fca1fe30,0x00000000ffc80000)
  to   space 131072K, 0% used [0x00000000efc80000,0x00000000efc80000,0x00000000f7c80000)
 ParOldGen       total 153600K, used 124579K [0x0000000083c00000, 0x000000008d200000, 0x00000000d6980000)
  object space 153600K, 81% used [0x0000000083c00000,0x000000008b5a8fa8,0x000000008d200000)
 Metaspace       used 10845K, capacity 11056K, committed 11264K, reserved 1058816K
  class space    used 1182K, capacity 1259K, committed 1280K, reserved 1048576K
Event: 186.024 GC heap after
Heap after GC invocations=24 (full 1):
 PSYoungGen      total 543744K, used 79016K [0x00000000d6980000, 0x00000000ffe00000, 0x0000000100000000)
  eden space 412672K, 0% used [0x00000000d6980000,0x00000000d6980000,0x00000000efc80000)
  from space 131072K, 60% used [0x00000000efc80000,0x00000000f49aa020,0x00000000f7c80000)
  to   space 129536K, 0% used [0x00000000f7f80000,0x00000000f7f80000,0x00000000ffe00000)
 ParOldGen       total 153600K, used 124603K [0x0000000083c00000, 0x000000008d200000, 0x00000000d6980000)
  object space 153600K, 81% used [0x0000000083c00000,0x000000008b5aefa8,0x000000008d200000)
 Metaspace       used 10845K, capacity 11056K, committed 11264K, reserved 1058816K
  class space    used 1182K, capacity 1259K, committed 1280K, reserved 1048576K
}
Event: 197.438 GC heap before
{Heap before GC invocations=25 (full 1):
 PSYoungGen      total 543744K, used 491636K [0x00000000d6980000, 0x00000000ffe00000, 0x0000000100000000)
  eden space 412672K, 99% used [0x00000000d6980000,0x00000000efc732b8,0x00000000efc80000)
  from space 131072K, 60% used [0x00000000efc80000,0x00000000f49aa020,0x00000000f7c80000)
  to   space 129536K, 0% used [0x00000000f7f80000,0x00000000f7f80000,0x00000000ffe00000)
 ParOldGen       total 153600K, used 124603K [0x0000000083c00000, 0x000000008d200000, 0x00000000d6980000)
  object space 153600K, 81% used [0x0000000083c00000,0x000000008b5aefa8,0x000000008d200000)
 Metaspace       used 10845K, capacity 11056K, committed 11264K, reserved 1058816K
  class space    used 1182K, capacity 1259K, committed 1280K, reserved 1048576K
Event: 197.623 GC heap after
Heap after GC invocations=25 (full 1):
 PSYoungGen      total 542720K, used 76480K [0x00000000d6980000, 0x00000000ff980000, 0x0000000100000000)
  eden space 417792K, 0% used [0x00000000d6980000,0x00000000d6980000,0x00000000f0180000)
  from space 124928K, 61% used [0x00000000f7f80000,0x00000000fca30128,0x00000000ff980000)
  to   space 126976K, 0% used [0x00000000f0180000,0x00000000f0180000,0x00000000f7d80000)
 ParOldGen       total 153600K, used 124627K [0x0000000083c00000, 0x000000008d200000, 0x00000000d6980000)
  object space 153600K, 81% used [0x0000000083c00000,0x000000008b5b4fa8,0x000000008d200000)
 Metaspace       used 10845K, capacity 11056K, committed 11264K, reserved 1058816K
  class space    used 1182K, capacity 1259K, committed 1280K, reserved 1048576K
}
Event: 208.860 GC heap before
{Heap before GC invocations=26 (full 1):
 PSYoungGen      total 542720K, used 494272K [0x00000000d6980000, 0x00000000ff980000, 0x0000000100000000)
  eden space 417792K, 100% used [0x00000000d6980000,0x00000000f0180000,0x00000000f0180000)
  from space 124928K, 61% used [0x00000000f7f80000,0x00000000fca30128,0x00000000ff980000)
  to   space 126976K, 0% used [0x00000000f0180000,0x00000000f0180000,0x00000000f7d80000)
 ParOldGen       total 153600K, used 124627K [0x0000000083c00000, 0x000000008d200000, 0x00000000d6980000)
  object space 153600K, 81% used [0x0000000083c00000,0x000000008b5b4fa8,0x000000008d200000)
 Metaspace       used 10845K, capacity 11056K, committed 11264K, reserved 1058816K
  class space    used 1182K, capacity 1259K, committed 1280K, reserved 1048576K
Event: 209.055 GC heap after
Heap after GC invocations=26 (full 1):
 PSYoungGen      total 544768K, used 80744K [0x00000000d6980000, 0x0000000100000000, 0x0000000100000000)
  eden space 417792K, 0% used [0x00000000d6980000,0x00000000d6980000,0x00000000f0180000)
  from space 126976K, 63% used [0x00000000f0180000,0x00000000f505a138,0x00000000f7d80000)
  to   space 125952K, 0% used [0x00000000f8500000,0x00000000f8500000,0x0000000100000000)
 ParOldGen       total 153600K, used 124627K [0x0000000083c00000, 0x000000008d200000, 0x00000000d6980000)
  object space 153600K, 81% used [0x0000000083c00000,0x000000008b5b4fa8,0x000000008d200000)
 Metaspace       used 10845K, capacity 11056K, committed 11264K, reserved 1058816K
  class space    used 1182K, capacity 1259K, committed 1280K, reserved 1048576K
}

