# JRE version: Java(TM) SE Runtime Environment (8.0_101-b13) (build 1.8.0_101-b13)
# Java VM: Java HotSpot(TM) 64-Bit Server VM (25.101-b13 mixed mode windows-amd64 compressed oops)
Heap:
 PSYoungGen      total 28160K, used 22321K [0x00000000d6980000, 0x00000000d8900000, 0x0000000100000000)
  eden space 24064K, 84% used [0x00000000d6980000,0x00000000d7d64680,0x00000000d8100000)
  from space 4096K, 47% used [0x00000000d8100000,0x00000000d82e7ea0,0x00000000d8500000)
  to   space 4096K, 0% used [0x00000000d8500000,0x00000000d8500000,0x00000000d8900000)
 ParOldGen       total 86016K, used 8239K [0x0000000083c00000, 0x0000000089000000, 0x00000000d6980000)
  object space 86016K, 9% used [0x0000000083c00000,0x000000008440bcb0,0x0000000089000000)
 Metaspace       used 10829K, capacity 11008K, committed 11264K, reserved 1058816K
  class space    used 1183K, capacity 1259K, committed 1280K, reserved 1048576K
GC Heap History (10 events):
Event: 54.684 GC heap before
{Heap before GC invocations=59 (full 0):
 PSYoungGen      total 28160K, used 25924K [0x00000000d6980000, 0x00000000d8900000, 0x0000000100000000)
  eden space 24064K, 100% used [0x00000000d6980000,0x00000000d8100000,0x00000000d8100000)
  from space 4096K, 45% used [0x00000000d8500000,0x00000000d86d1010,0x00000000d8900000)
  to   space 4096K, 0% used [0x00000000d8100000,0x00000000d8100000,0x00000000d8500000)
 ParOldGen       total 86016K, used 8119K [0x0000000083c00000, 0x0000000089000000, 0x00000000d6980000)
  object space 86016K, 9% used [0x0000000083c00000,0x00000000843edcb0,0x0000000089000000)
 Metaspace       used 10801K, capacity 11004K, committed 11264K, reserved 1058816K
  class space    used 1181K, capacity 1259K, committed 1280K, reserved 1048576K
Event: 54.687 GC heap after
Heap after GC invocations=59 (full 0):
 PSYoungGen      total 28160K, used 3910K [0x00000000d6980000, 0x00000000d8900000, 0x0000000100000000)
  eden space 24064K, 0% used [0x00000000d6980000,0x00000000d6980000,0x00000000d8100000)
  from space 4096K, 95% used [0x00000000d8100000,0x00000000d84d1bf0,0x00000000d8500000)
  to   space 4096K, 0% used [0x00000000d8500000,0x00000000d8500000,0x00000000d8900000)
 ParOldGen       total 86016K, used 8143K [0x0000000083c00000, 0x0000000089000000, 0x00000000d6980000)
  object space 86016K, 9% used [0x0000000083c00000,0x00000000843f3cb0,0x0000000089000000)
 Metaspace       used 10801K, capacity 11004K, committed 11264K, reserved 1058816K
  class space    used 1181K, capacity 1259K, committed 1280K, reserved 1048576K
}
Event: 55.528 GC heap before
{Heap before GC invocations=60 (full 0):
 PSYoungGen      total 28160K, used 27440K [0x00000000d6980000, 0x00000000d8900000, 0x0000000100000000)
  eden space 24064K, 97% used [0x00000000d6980000,0x00000000d807a710,0x00000000d8100000)
  from space 4096K, 95% used [0x00000000d8100000,0x00000000d84d1bf0,0x00000000d8500000)
  to   space 4096K, 0% used [0x00000000d8500000,0x00000000d8500000,0x00000000d8900000)
 ParOldGen       total 86016K, used 8143K [0x0000000083c00000, 0x0000000089000000, 0x00000000d6980000)
  object space 86016K, 9% used [0x0000000083c00000,0x00000000843f3cb0,0x0000000089000000)
 Metaspace       used 10816K, capacity 11008K, committed 11264K, reserved 1058816K
  class space    used 1181K, capacity 1259K, committed 1280K, reserved 1048576K
Event: 55.531 GC heap after
Heap after GC invocations=60 (full 0):
 PSYoungGen      total 28160K, used 2143K [0x00000000d6980000, 0x00000000d8900000, 0x0000000100000000)
  eden space 24064K, 0% used [0x00000000d6980000,0x00000000d6980000,0x00000000d8100000)
  from space 4096K, 52% used [0x00000000d8500000,0x00000000d8717e50,0x00000000d8900000)
  to   space 4096K, 0% used [0x00000000d8100000,0x00000000d8100000,0x00000000d8500000)
 ParOldGen       total 86016K, used 8159K [0x0000000083c00000, 0x0000000089000000, 0x00000000d6980000)
  object space 86016K, 9% used [0x0000000083c00000,0x00000000843f7cb0,0x0000000089000000)
 Metaspace       used 10816K, capacity 11008K, committed 11264K, reserved 1058816K
  class space    used 1181K, capacity 1259K, committed 1280K, reserved 1048576K
}
Event: 56.301 GC heap before
{Heap before GC invocations=61 (full 0):
 PSYoungGen      total 28160K, used 26207K [0x00000000d6980000, 0x00000000d8900000, 0x0000000100000000)
  eden space 24064K, 100% used [0x00000000d6980000,0x00000000d8100000,0x00000000d8100000)
  from space 4096K, 52% used [0x00000000d8500000,0x00000000d8717e50,0x00000000d8900000)
  to   space 4096K, 0% used [0x00000000d8100000,0x00000000d8100000,0x00000000d8500000)
 ParOldGen       total 86016K, used 8159K [0x0000000083c00000, 0x0000000089000000, 0x00000000d6980000)
  object space 86016K, 9% used [0x0000000083c00000,0x00000000843f7cb0,0x0000000089000000)
 Metaspace       used 10818K, capacity 11008K, committed 11264K, reserved 1058816K
  class space    used 1181K, capacity 1259K, committed 1280K, reserved 1048576K
Event: 56.304 GC heap after
Heap after GC invocations=61 (full 0):
 PSYoungGen      total 28160K, used 1956K [0x00000000d6980000, 0x00000000d8900000, 0x0000000100000000)
  eden space 24064K, 0% used [0x00000000d6980000,0x00000000d6980000,0x00000000d8100000)
  from space 4096K, 47% used [0x00000000d8100000,0x00000000d82e9010,0x00000000d8500000)
  to   space 4096K, 0% used [0x00000000d8500000,0x00000000d8500000,0x00000000d8900000)
 ParOldGen       total 86016K, used 8183K [0x0000000083c00000, 0x0000000089000000, 0x00000000d6980000)
  object space 86016K, 9% used [0x0000000083c00000,0x00000000843fdcb0,0x0000000089000000)
 Metaspace       used 10818K, capacity 11008K, committed 11264K, reserved 1058816K
  class space    used 1181K, capacity 1259K, committed 1280K, reserved 1048576K
}
Event: 57.147 GC heap before
{Heap before GC invocations=62 (full 0):
 PSYoungGen      total 28160K, used 26020K [0x00000000d6980000, 0x00000000d8900000, 0x0000000100000000)
  eden space 24064K, 100% used [0x00000000d6980000,0x00000000d8100000,0x00000000d8100000)
  from space 4096K, 47% used [0x00000000d8100000,0x00000000d82e9010,0x00000000d8500000)
  to   space 4096K, 0% used [0x00000000d8500000,0x00000000d8500000,0x00000000d8900000)
 ParOldGen       total 86016K, used 8183K [0x0000000083c00000, 0x0000000089000000, 0x00000000d6980000)
  object space 86016K, 9% used [0x0000000083c00000,0x00000000843fdcb0,0x0000000089000000)
 Metaspace       used 10818K, capacity 11008K, committed 11264K, reserved 1058816K
  class space    used 1181K, capacity 1259K, committed 1280K, reserved 1048576K
Event: 57.150 GC heap after
Heap after GC invocations=62 (full 0):
 PSYoungGen      total 28160K, used 1860K [0x00000000d6980000, 0x00000000d8900000, 0x0000000100000000)
  eden space 24064K, 0% used [0x00000000d6980000,0x00000000d6980000,0x00000000d8100000)
  from space 4096K, 45% used [0x00000000d8500000,0x00000000d86d1010,0x00000000d8900000)
  to   space 4096K, 0% used [0x00000000d8100000,0x00000000d8100000,0x00000000d8500000)
 ParOldGen       total 86016K, used 8215K [0x0000000083c00000, 0x0000000089000000, 0x00000000d6980000)
  object space 86016K, 9% used [0x0000000083c00000,0x0000000084405cb0,0x0000000089000000)
 Metaspace       used 10818K, capacity 11008K, committed 11264K, reserved 1058816K
  class space    used 1181K, capacity 1259K, committed 1280K, reserved 1048576K
}
Event: 58.065 GC heap before
{Heap before GC invocations=63 (full 0):
 PSYoungGen      total 28160K, used 25924K [0x00000000d6980000, 0x00000000d8900000, 0x0000000100000000)
  eden space 24064K, 100% used [0x00000000d6980000,0x00000000d8100000,0x00000000d8100000)
  from space 4096K, 45% used [0x00000000d8500000,0x00000000d86d1010,0x00000000d8900000)
  to   space 4096K, 0% used [0x00000000d8100000,0x00000000d8100000,0x00000000d8500000)
 ParOldGen       total 86016K, used 8215K [0x0000000083c00000, 0x0000000089000000, 0x00000000d6980000)
  object space 86016K, 9% used [0x0000000083c00000,0x0000000084405cb0,0x0000000089000000)
 Metaspace       used 10821K, capacity 11008K, committed 11264K, reserved 1058816K
  class space    used 1181K, capacity 1259K, committed 1280K, reserved 1048576K
Event: 58.068 GC heap after
Heap after GC invocations=63 (full 0):
 PSYoungGen      total 28160K, used 1951K [0x00000000d6980000, 0x00000000d8900000, 0x0000000100000000)
  eden space 24064K, 0% used [0x00000000d6980000,0x00000000d6980000,0x00000000d8100000)
  from space 4096K, 47% used [0x00000000d8100000,0x00000000d82e7ea0,0x00000000d8500000)
  to   space 4096K, 0% used [0x00000000d8500000,0x00000000d8500000,0x00000000d8900000)
 ParOldGen       total 86016K, used 8239K [0x0000000083c00000, 0x0000000089000000, 0x00000000d6980000)
  object space 86016K, 9% used [0x0000000083c00000,0x000000008440bcb0,0x0000000089000000)
 Metaspace       used 10821K, capacity 11008K, committed 11264K, reserved 1058816K
  class space    used 1181K, capacity 1259K, committed 1280K, reserved 1048576K
}

