# JRE version: Java(TM) SE Runtime Environment (8.0_101-b13) (build 1.8.0_101-b13)
# Java VM: Java HotSpot(TM) 64-Bit Server VM (25.101-b13 mixed mode windows-amd64 compressed oops)
Heap:
 PSYoungGen      total 556544K, used 480481K [0x00000000d6980000, 0x0000000100000000, 0x0000000100000000)
  eden space 435712K, 89% used [0x00000000d6980000,0x00000000ee5366b0,0x00000000f1300000)
  from space 120832K, 75% used [0x00000000f1300000,0x00000000f6c82020,0x00000000f8900000)
  to   space 120832K, 0% used [0x00000000f8a00000,0x00000000f8a00000,0x0000000100000000)
 ParOldGen       total 161280K, used 109085K [0x0000000083c00000, 0x000000008d980000, 0x00000000d6980000)
  object space 161280K, 67% used [0x0000000083c00000,0x000000008a6875c8,0x000000008d980000)
 Metaspace       used 10831K, capacity 11008K, committed 11264K, reserved 1058816K
  class space    used 1187K, capacity 1259K, committed 1280K, reserved 1048576K
GC Heap History (10 events):
Event: 533.464 GC heap before
{Heap before GC invocations=54 (full 1):
 PSYoungGen      total 553472K, used 536808K [0x00000000d6980000, 0x00000000ffd00000, 0x0000000100000000)
  eden space 432640K, 100% used [0x00000000d6980000,0x00000000f1000000,0x00000000f1000000)
  from space 120832K, 86% used [0x00000000f8700000,0x00000000fecba020,0x00000000ffd00000)
  to   space 121344K, 0% used [0x00000000f1000000,0x00000000f1000000,0x00000000f8680000)
 ParOldGen       total 161280K, used 109085K [0x0000000083c00000, 0x000000008d980000, 0x00000000d6980000)
  object space 161280K, 67% used [0x0000000083c00000,0x000000008a6875c8,0x000000008d980000)
 Metaspace       used 10795K, capacity 11008K, committed 11264K, reserved 1058816K
  class space    used 1182K, capacity 1259K, committed 1280K, reserved 1048576K
Event: 533.932 GC heap after
Heap after GC invocations=54 (full 1):
 PSYoungGen      total 553984K, used 107487K [0x00000000d6980000, 0x0000000100000000, 0x0000000100000000)
  eden space 432640K, 0% used [0x00000000d6980000,0x00000000d6980000,0x00000000f1000000)
  from space 121344K, 88% used [0x00000000f1000000,0x00000000f78f7df8,0x00000000f8680000)
  to   space 121856K, 0% used [0x00000000f8900000,0x00000000f8900000,0x0000000100000000)
 ParOldGen       total 161280K, used 109085K [0x0000000083c00000, 0x000000008d980000, 0x00000000d6980000)
  object space 161280K, 67% used [0x0000000083c00000,0x000000008a6875c8,0x000000008d980000)
 Metaspace       used 10795K, capacity 11008K, committed 11264K, reserved 1058816K
  class space    used 1182K, capacity 1259K, committed 1280K, reserved 1048576K
}
Event: 544.870 GC heap before
{Heap before GC invocations=55 (full 1):
 PSYoungGen      total 553984K, used 540127K [0x00000000d6980000, 0x0000000100000000, 0x0000000100000000)
  eden space 432640K, 100% used [0x00000000d6980000,0x00000000f1000000,0x00000000f1000000)
  from space 121344K, 88% used [0x00000000f1000000,0x00000000f78f7df8,0x00000000f8680000)
  to   space 121856K, 0% used [0x00000000f8900000,0x00000000f8900000,0x0000000100000000)
 ParOldGen       total 161280K, used 109085K [0x0000000083c00000, 0x000000008d980000, 0x00000000d6980000)
  object space 161280K, 67% used [0x0000000083c00000,0x000000008a6875c8,0x000000008d980000)
 Metaspace       used 10795K, capacity 11008K, committed 11264K, reserved 1058816K
  class space    used 1182K, capacity 1259K, committed 1280K, reserved 1048576K
Event: 545.383 GC heap after
Heap after GC invocations=55 (full 1):
 PSYoungGen      total 556544K, used 105658K [0x00000000d6980000, 0x00000000fff80000, 0x0000000100000000)
  eden space 435200K, 0% used [0x00000000d6980000,0x00000000d6980000,0x00000000f1280000)
  from space 121344K, 87% used [0x00000000f8900000,0x00000000ff02e9a0,0x00000000fff80000)
  to   space 121344K, 0% used [0x00000000f1280000,0x00000000f1280000,0x00000000f8900000)
 ParOldGen       total 161280K, used 109085K [0x0000000083c00000, 0x000000008d980000, 0x00000000d6980000)
  object space 161280K, 67% used [0x0000000083c00000,0x000000008a6875c8,0x000000008d980000)
 Metaspace       used 10795K, capacity 11008K, committed 11264K, reserved 1058816K
  class space    used 1182K, capacity 1259K, committed 1280K, reserved 1048576K
}
Event: 556.739 GC heap before
{Heap before GC invocations=56 (full 1):
 PSYoungGen      total 556544K, used 540858K [0x00000000d6980000, 0x00000000fff80000, 0x0000000100000000)
  eden space 435200K, 100% used [0x00000000d6980000,0x00000000f1280000,0x00000000f1280000)
  from space 121344K, 87% used [0x00000000f8900000,0x00000000ff02e9a0,0x00000000fff80000)
  to   space 121344K, 0% used [0x00000000f1280000,0x00000000f1280000,0x00000000f8900000)
 ParOldGen       total 161280K, used 109085K [0x0000000083c00000, 0x000000008d980000, 0x00000000d6980000)
  object space 161280K, 67% used [0x0000000083c00000,0x000000008a6875c8,0x000000008d980000)
 Metaspace       used 10795K, capacity 11008K, committed 11264K, reserved 1058816K
  class space    used 1182K, capacity 1259K, committed 1280K, reserved 1048576K
Event: 557.241 GC heap after
Heap after GC invocations=56 (full 1):
 PSYoungGen      total 556544K, used 105700K [0x00000000d6980000, 0x00000000fff00000, 0x0000000100000000)
  eden space 435200K, 0% used [0x00000000d6980000,0x00000000d6980000,0x00000000f1280000)
  from space 121344K, 87% used [0x00000000f1280000,0x00000000f79b9010,0x00000000f8900000)
  to   space 120832K, 0% used [0x00000000f8900000,0x00000000f8900000,0x00000000fff00000)
 ParOldGen       total 161280K, used 109085K [0x0000000083c00000, 0x000000008d980000, 0x00000000d6980000)
  object space 161280K, 67% used [0x0000000083c00000,0x000000008a6875c8,0x000000008d980000)
 Metaspace       used 10795K, capacity 11008K, committed 11264K, reserved 1058816K
  class space    used 1182K, capacity 1259K, committed 1280K, reserved 1048576K
}
Event: 569.453 GC heap before
{Heap before GC invocations=57 (full 1):
 PSYoungGen      total 556544K, used 540900K [0x00000000d6980000, 0x00000000fff00000, 0x0000000100000000)
  eden space 435200K, 100% used [0x00000000d6980000,0x00000000f1280000,0x00000000f1280000)
  from space 121344K, 87% used [0x00000000f1280000,0x00000000f79b9010,0x00000000f8900000)
  to   space 120832K, 0% used [0x00000000f8900000,0x00000000f8900000,0x00000000fff00000)
 ParOldGen       total 161280K, used 109085K [0x0000000083c00000, 0x000000008d980000, 0x00000000d6980000)
  object space 161280K, 67% used [0x0000000083c00000,0x000000008a6875c8,0x000000008d980000)
 Metaspace       used 10795K, capacity 11008K, committed 11264K, reserved 1058816K
  class space    used 1182K, capacity 1259K, committed 1280K, reserved 1048576K
Event: 569.940 GC heap after
Heap after GC invocations=57 (full 1):
 PSYoungGen      total 556544K, used 90984K [0x00000000d6980000, 0x00000000fff80000, 0x0000000100000000)
  eden space 435712K, 0% used [0x00000000d6980000,0x00000000d6980000,0x00000000f1300000)
  from space 120832K, 75% used [0x00000000f8900000,0x00000000fe1da020,0x00000000fff00000)
  to   space 120832K, 0% used [0x00000000f1300000,0x00000000f1300000,0x00000000f8900000)
 ParOldGen       total 161280K, used 109085K [0x0000000083c00000, 0x000000008d980000, 0x00000000d6980000)
  object space 161280K, 67% used [0x0000000083c00000,0x000000008a6875c8,0x000000008d980000)
 Metaspace       used 10795K, capacity 11008K, committed 11264K, reserved 1058816K
  class space    used 1182K, capacity 1259K, committed 1280K, reserved 1048576K
}
Event: 581.723 GC heap before
{Heap before GC invocations=58 (full 1):
 PSYoungGen      total 556544K, used 526696K [0x00000000d6980000, 0x00000000fff80000, 0x0000000100000000)
  eden space 435712K, 100% used [0x00000000d6980000,0x00000000f1300000,0x00000000f1300000)
  from space 120832K, 75% used [0x00000000f8900000,0x00000000fe1da020,0x00000000fff00000)
  to   space 120832K, 0% used [0x00000000f1300000,0x00000000f1300000,0x00000000f8900000)
 ParOldGen       total 161280K, used 109085K [0x0000000083c00000, 0x000000008d980000, 0x00000000d6980000)
  object space 161280K, 67% used [0x0000000083c00000,0x000000008a6875c8,0x000000008d980000)
 Metaspace       used 10795K, capacity 11008K, committed 11264K, reserved 1058816K
  class space    used 1182K, capacity 1259K, committed 1280K, reserved 1048576K
Event: 582.178 GC heap after
Heap after GC invocations=58 (full 1):
 PSYoungGen      total 556544K, used 91656K [0x00000000d6980000, 0x0000000100000000, 0x0000000100000000)
  eden space 435712K, 0% used [0x00000000d6980000,0x00000000d6980000,0x00000000f1300000)
  from space 120832K, 75% used [0x00000000f1300000,0x00000000f6c82020,0x00000000f8900000)
  to   space 120832K, 0% used [0x00000000f8a00000,0x00000000f8a00000,0x0000000100000000)
 ParOldGen       total 161280K, used 109085K [0x0000000083c00000, 0x000000008d980000, 0x00000000d6980000)
  object space 161280K, 67% used [0x0000000083c00000,0x000000008a6875c8,0x000000008d980000)
 Metaspace       used 10795K, capacity 11008K, committed 11264K, reserved 1058816K
  class space    used 1182K, capacity 1259K, committed 1280K, reserved 1048576K
}

